# JRE version: OpenJDK Runtime Environment (8.0_202) (build 1.8.0_202-release-1483-b49-5587405)
# Java VM: OpenJDK 64-Bit Server VM (25.202-b49-5587405 mixed mode linux-amd64 compressed oops)
Heap:
 PSYoungGen      total 404480K, used 372359K [0x00000000e0000000, 0x00000000fe580000, 0x0000000100000000)
  eden space 317952K, 100% used [0x00000000e0000000,0x00000000f3680000,0x00000000f3680000)
  from space 86528K, 62% used [0x00000000f3680000,0x00000000f6ba1ff8,0x00000000f8b00000)
  to   space 84480K, 84% used [0x00000000f9300000,0x00000000fd8f1ba0,0x00000000fe580000)
 ParOldGen       total 769536K, used 595615K [0x00000000a0000000, 0x00000000cef80000, 0x00000000e0000000)
  object space 769536K, 77% used [0x00000000a0000000,0x00000000c45a7e48,0x00000000cef80000)
 Metaspace       used 208101K, capacity 221832K, committed 221952K, reserved 1241088K
  class space    used 28522K, capacity 31229K, committed 31232K, reserved 1048576K
GC Heap History (10 events):
Event: 3016.453 GC heap after
Heap after GC invocations=149 (full 6):
 PSYoungGen      total 388608K, used 58529K [0x00000000e0000000, 0x00000000ff800000, 0x0000000100000000)
  eden space 329728K, 0% used [0x00000000e0000000,0x00000000e0000000,0x00000000f4200000)
  from space 58880K, 99% used [0x00000000f4900000,0x00000000f8228698,0x00000000f8280000)
  to   space 93184K, 0% used [0x00000000f9d00000,0x00000000f9d00000,0x00000000ff800000)
 ParOldGen       total 769536K, used 588585K [0x00000000a0000000, 0x00000000cef80000, 0x00000000e0000000)
  object space 769536K, 76% used [0x00000000a0000000,0x00000000c3eca548,0x00000000cef80000)
 Metaspace       used 202430K, capacity 214494K, committed 214656K, reserved 1232896K
  class space    used 27819K, capacity 30270K, committed 30336K, reserved 1048576K
}
Event: 3085.602 GC heap before
{Heap before GC invocations=150 (full 6):
 PSYoungGen      total 388608K, used 388257K [0x00000000e0000000, 0x00000000ff800000, 0x0000000100000000)
  eden space 329728K, 100% used [0x00000000e0000000,0x00000000f4200000,0x00000000f4200000)
  from space 58880K, 99% used [0x00000000f4900000,0x00000000f8228698,0x00000000f8280000)
  to   space 93184K, 0% used [0x00000000f9d00000,0x00000000f9d00000,0x00000000ff800000)
 ParOldGen       total 769536K, used 588585K [0x00000000a0000000, 0x00000000cef80000, 0x00000000e0000000)
  object space 769536K, 76% used [0x00000000a0000000,0x00000000c3eca548,0x00000000cef80000)
 Metaspace       used 202827K, capacity 214978K, committed 215168K, reserved 1234944K
  class space    used 27845K, capacity 30318K, committed 30336K, reserved 1048576K
Event: 3085.668 GC heap after
Heap after GC invocations=150 (full 6):
 PSYoungGen      total 406528K, used 56863K [0x00000000e0000000, 0x00000000fef00000, 0x0000000100000000)
  eden space 322560K, 0% used [0x00000000e0000000,0x00000000e0000000,0x00000000f3b00000)
  from space 83968K, 67% used [0x00000000f9d00000,0x00000000fd487dd0,0x00000000fef00000)
  to   space 92160K, 0% used [0x00000000f3b00000,0x00000000f3b00000,0x00000000f9500000)
 ParOldGen       total 769536K, used 589001K [0x00000000a0000000, 0x00000000cef80000, 0x00000000e0000000)
  object space 769536K, 76% used [0x00000000a0000000,0x00000000c3f32548,0x00000000cef80000)
 Metaspace       used 202827K, capacity 214978K, committed 215168K, reserved 1234944K
  class space    used 27845K, capacity 30318K, committed 30336K, reserved 1048576K
}
Event: 3121.815 GC heap before
{Heap before GC invocations=151 (full 6):
 PSYoungGen      total 406528K, used 379423K [0x00000000e0000000, 0x00000000fef00000, 0x0000000100000000)
  eden space 322560K, 100% used [0x00000000e0000000,0x00000000f3b00000,0x00000000f3b00000)
  from space 83968K, 67% used [0x00000000f9d00000,0x00000000fd487dd0,0x00000000fef00000)
  to   space 92160K, 0% used [0x00000000f3b00000,0x00000000f3b00000,0x00000000f9500000)
 ParOldGen       total 769536K, used 589001K [0x00000000a0000000, 0x00000000cef80000, 0x00000000e0000000)
  object space 769536K, 76% used [0x00000000a0000000,0x00000000c3f32548,0x00000000cef80000)
 Metaspace       used 203741K, capacity 217048K, committed 217344K, reserved 1236992K
  class space    used 28015K, capacity 30631K, committed 30720K, reserved 1048576K
Event: 3121.885 GC heap after
Heap after GC invocations=151 (full 6):
 PSYoungGen      total 360960K, used 45013K [0x00000000e0000000, 0x00000000fe180000, 0x0000000100000000)
  eden space 315904K, 0% used [0x00000000e0000000,0x00000000e0000000,0x00000000f3480000)
  from space 45056K, 99% used [0x00000000f3b00000,0x00000000f66f56f0,0x00000000f6700000)
  to   space 88576K, 0% used [0x00000000f8b00000,0x00000000f8b00000,0x00000000fe180000)
 ParOldGen       total 769536K, used 595118K [0x00000000a0000000, 0x00000000cef80000, 0x00000000e0000000)
  object space 769536K, 77% used [0x00000000a0000000,0x00000000c452ba28,0x00000000cef80000)
 Metaspace       used 203741K, capacity 217048K, committed 217344K, reserved 1236992K
  class space    used 28015K, capacity 30631K, committed 30720K, reserved 1048576K
}
Event: 3125.217 GC heap before
{Heap before GC invocations=152 (full 6):
 PSYoungGen      total 360960K, used 360917K [0x00000000e0000000, 0x00000000fe180000, 0x0000000100000000)
  eden space 315904K, 100% used [0x00000000e0000000,0x00000000f3480000,0x00000000f3480000)
  from space 45056K, 99% used [0x00000000f3b00000,0x00000000f66f56f0,0x00000000f6700000)
  to   space 88576K, 0% used [0x00000000f8b00000,0x00000000f8b00000,0x00000000fe180000)
 ParOldGen       total 769536K, used 595118K [0x00000000a0000000, 0x00000000cef80000, 0x00000000e0000000)
  object space 769536K, 77% used [0x00000000a0000000,0x00000000c452ba28,0x00000000cef80000)
 Metaspace       used 204177K, capacity 217494K, committed 217600K, reserved 1236992K
  class space    used 28044K, capacity 30682K, committed 30720K, reserved 1048576K
Event: 3125.287 GC heap after
Heap after GC invocations=152 (full 6):
 PSYoungGen      total 406528K, used 53729K [0x00000000e0000000, 0x00000000fe800000, 0x0000000100000000)
  eden space 317952K, 0% used [0x00000000e0000000,0x00000000e0000000,0x00000000f3680000)
  from space 88576K, 60% used [0x00000000f8b00000,0x00000000fbf78780,0x00000000fe180000)
  to   space 86528K, 0% used [0x00000000f3680000,0x00000000f3680000,0x00000000f8b00000)
 ParOldGen       total 769536K, used 595158K [0x00000000a0000000, 0x00000000cef80000, 0x00000000e0000000)
  object space 769536K, 77% used [0x00000000a0000000,0x00000000c4535a28,0x00000000cef80000)
 Metaspace       used 204177K, capacity 217494K, committed 217600K, reserved 1236992K
  class space    used 28044K, capacity 30682K, committed 30720K, reserved 1048576K
}
Event: 3140.244 GC heap before
{Heap before GC invocations=153 (full 6):
 PSYoungGen      total 406528K, used 371681K [0x00000000e0000000, 0x00000000fe800000, 0x0000000100000000)
  eden space 317952K, 100% used [0x00000000e0000000,0x00000000f3680000,0x00000000f3680000)
  from space 88576K, 60% used [0x00000000f8b00000,0x00000000fbf78780,0x00000000fe180000)
  to   space 86528K, 0% used [0x00000000f3680000,0x00000000f3680000,0x00000000f8b00000)
 ParOldGen       total 769536K, used 595158K [0x00000000a0000000, 0x00000000cef80000, 0x00000000e0000000)
  object space 769536K, 77% used [0x00000000a0000000,0x00000000c4535a28,0x00000000cef80000)
 Metaspace       used 204536K, capacity 217902K, committed 218240K, reserved 1236992K
  class space    used 28069K, capacity 30728K, committed 30848K, reserved 1048576K
Event: 3140.337 GC heap after
Heap after GC invocations=153 (full 6):
 PSYoungGen      total 404480K, used 54407K [0x00000000e0000000, 0x00000000fe580000, 0x0000000100000000)
  eden space 317952K, 0% used [0x00000000e0000000,0x00000000e0000000,0x00000000f3680000)
  from space 86528K, 62% used [0x00000000f3680000,0x00000000f6ba1ff8,0x00000000f8b00000)
  to   space 84480K, 0% used [0x00000000f9300000,0x00000000f9300000,0x00000000fe580000)
 ParOldGen       total 769536K, used 595511K [0x00000000a0000000, 0x00000000cef80000, 0x00000000e0000000)
  object space 769536K, 77% used [0x00000000a0000000,0x00000000c458de48,0x00000000cef80000)
 Metaspace       used 204536K, capacity 217902K, committed 218240K, reserved 1236992K
  class space    used 28069K, capacity 30728K, committed 30848K, reserved 1048576K
}
Event: 3145.899 GC heap before
{Heap before GC invocations=154 (full 6):
 PSYoungGen      total 404480K, used 372359K [0x00000000e0000000, 0x00000000fe580000, 0x0000000100000000)
  eden space 317952K, 100% used [0x00000000e0000000,0x00000000f3680000,0x00000000f3680000)
  from space 86528K, 62% used [0x00000000f3680000,0x00000000f6ba1ff8,0x00000000f8b00000)
  to   space 84480K, 0% used [0x00000000f9300000,0x00000000f9300000,0x00000000fe580000)
 ParOldGen       total 769536K, used 595511K [0x00000000a0000000, 0x00000000cef80000, 0x00000000e0000000)
  object space 769536K, 77% used [0x00000000a0000000,0x00000000c458de48,0x00000000cef80000)
 Metaspace       used 208101K, capacity 221832K, committed 221952K, reserved 1241088K
  class space    used 28522K, capacity 31229K, committed 31232K, reserved 1048576K

